{"/home/net-aliuskeviciusma/Downloads/vue-date-pick/src/components/DatePick.vue": {"path":"/home/net-aliuskeviciusma/Downloads/vue-date-pick/src/components/DatePick.vue","all":false,"statementMap":{"1":{"start":{"line":2,"column":0},"end":{"line":2,"column":29}},"2":{"start":{"line":3,"column":0},"end":{"line":3,"column":57}},"3":{"start":{"line":4,"column":0},"end":{"line":4,"column":97}},"4":{"start":{"line":5,"column":0},"end":{"line":5,"column":10}},"5":{"start":{"line":6,"column":0},"end":{"line":6,"column":24}},"6":{"start":{"line":7,"column":0},"end":{"line":7,"column":19}},"7":{"start":{"line":8,"column":0},"end":{"line":8,"column":21}},"8":{"start":{"line":9,"column":0},"end":{"line":9,"column":27}},"9":{"start":{"line":10,"column":0},"end":{"line":10,"column":60}},"10":{"start":{"line":11,"column":0},"end":{"line":11,"column":20}},"11":{"start":{"line":12,"column":0},"end":{"line":12,"column":27}},"12":{"start":{"line":13,"column":0},"end":{"line":13,"column":35}},"13":{"start":{"line":14,"column":0},"end":{"line":14,"column":30}},"15":{"start":{"line":16,"column":0},"end":{"line":16,"column":31}},"16":{"start":{"line":17,"column":0},"end":{"line":17,"column":40}},"17":{"start":{"line":18,"column":0},"end":{"line":18,"column":30}},"18":{"start":{"line":19,"column":0},"end":{"line":19,"column":30}},"19":{"start":{"line":20,"column":0},"end":{"line":20,"column":19}},"20":{"start":{"line":21,"column":0},"end":{"line":21,"column":16}},"21":{"start":{"line":22,"column":0},"end":{"line":22,"column":45}},"22":{"start":{"line":23,"column":0},"end":{"line":23,"column":40}},"23":{"start":{"line":24,"column":0},"end":{"line":24,"column":32}},"24":{"start":{"line":25,"column":0},"end":{"line":25,"column":19}},"25":{"start":{"line":26,"column":0},"end":{"line":26,"column":16}},"26":{"start":{"line":27,"column":0},"end":{"line":27,"column":40}},"27":{"start":{"line":28,"column":0},"end":{"line":28,"column":57}},"28":{"start":{"line":29,"column":0},"end":{"line":29,"column":16}},"29":{"start":{"line":30,"column":0},"end":{"line":30,"column":14}},"30":{"start":{"line":31,"column":0},"end":{"line":31,"column":12}},"31":{"start":{"line":32,"column":0},"end":{"line":32,"column":10}},"32":{"start":{"line":33,"column":0},"end":{"line":33,"column":44}},"33":{"start":{"line":34,"column":0},"end":{"line":34,"column":36}},"34":{"start":{"line":35,"column":0},"end":{"line":35,"column":49}},"35":{"start":{"line":36,"column":0},"end":{"line":36,"column":21}},"36":{"start":{"line":37,"column":0},"end":{"line":37,"column":32}},"37":{"start":{"line":38,"column":0},"end":{"line":38,"column":23}},"38":{"start":{"line":39,"column":0},"end":{"line":39,"column":28}},"39":{"start":{"line":40,"column":0},"end":{"line":40,"column":33}},"40":{"start":{"line":41,"column":0},"end":{"line":41,"column":36}},"41":{"start":{"line":42,"column":0},"end":{"line":42,"column":70}},"42":{"start":{"line":43,"column":0},"end":{"line":43,"column":35}},"43":{"start":{"line":44,"column":0},"end":{"line":44,"column":12}},"44":{"start":{"line":45,"column":0},"end":{"line":45,"column":97}},"45":{"start":{"line":46,"column":0},"end":{"line":46,"column":21}},"46":{"start":{"line":47,"column":0},"end":{"line":47,"column":28}},"47":{"start":{"line":48,"column":0},"end":{"line":48,"column":23}},"48":{"start":{"line":49,"column":0},"end":{"line":49,"column":28}},"49":{"start":{"line":50,"column":0},"end":{"line":50,"column":33}},"50":{"start":{"line":51,"column":0},"end":{"line":51,"column":30}},"51":{"start":{"line":52,"column":0},"end":{"line":52,"column":21}},"54":{"start":{"line":55,"column":0},"end":{"line":55,"column":34}},"55":{"start":{"line":56,"column":0},"end":{"line":56,"column":12}},"56":{"start":{"line":57,"column":0},"end":{"line":57,"column":15}},"57":{"start":{"line":58,"column":0},"end":{"line":58,"column":95}},"58":{"start":{"line":59,"column":0},"end":{"line":59,"column":21}},"59":{"start":{"line":60,"column":0},"end":{"line":60,"column":33}},"60":{"start":{"line":61,"column":0},"end":{"line":61,"column":33}},"61":{"start":{"line":62,"column":0},"end":{"line":62,"column":23}},"62":{"start":{"line":63,"column":0},"end":{"line":63,"column":28}},"63":{"start":{"line":64,"column":0},"end":{"line":64,"column":33}},"64":{"start":{"line":65,"column":0},"end":{"line":65,"column":29}},"65":{"start":{"line":66,"column":0},"end":{"line":66,"column":12}},"66":{"start":{"line":67,"column":0},"end":{"line":67,"column":71}},"67":{"start":{"line":68,"column":0},"end":{"line":68,"column":59}},"68":{"start":{"line":69,"column":0},"end":{"line":69,"column":17}},"69":{"start":{"line":70,"column":0},"end":{"line":70,"column":15}},"70":{"start":{"line":71,"column":0},"end":{"line":71,"column":12}},"71":{"start":{"line":72,"column":0},"end":{"line":72,"column":37}},"72":{"start":{"line":73,"column":0},"end":{"line":73,"column":25}},"73":{"start":{"line":74,"column":0},"end":{"line":74,"column":40}},"74":{"start":{"line":75,"column":0},"end":{"line":75,"column":85}},"75":{"start":{"line":76,"column":0},"end":{"line":76,"column":19}},"76":{"start":{"line":77,"column":0},"end":{"line":77,"column":148}},"77":{"start":{"line":78,"column":0},"end":{"line":78,"column":25}},"82":{"start":{"line":83,"column":0},"end":{"line":83,"column":43}},"84":{"start":{"line":85,"column":0},"end":{"line":85,"column":26}},"85":{"start":{"line":86,"column":0},"end":{"line":86,"column":21}},"86":{"start":{"line":87,"column":0},"end":{"line":87,"column":19}},"87":{"start":{"line":88,"column":0},"end":{"line":88,"column":16}},"88":{"start":{"line":89,"column":0},"end":{"line":89,"column":14}},"90":{"start":{"line":91,"column":0},"end":{"line":91,"column":23}},"91":{"start":{"line":92,"column":0},"end":{"line":92,"column":72}},"92":{"start":{"line":93,"column":0},"end":{"line":93,"column":14}},"93":{"start":{"line":94,"column":0},"end":{"line":94,"column":49}},"94":{"start":{"line":95,"column":0},"end":{"line":95,"column":24}},"95":{"start":{"line":96,"column":0},"end":{"line":96,"column":83}},"97":{"start":{"line":98,"column":0},"end":{"line":98,"column":41}},"98":{"start":{"line":99,"column":0},"end":{"line":99,"column":19}},"99":{"start":{"line":100,"column":0},"end":{"line":100,"column":46}},"100":{"start":{"line":101,"column":0},"end":{"line":101,"column":29}},"101":{"start":{"line":102,"column":0},"end":{"line":102,"column":71}},"103":{"start":{"line":104,"column":0},"end":{"line":104,"column":26}},"104":{"start":{"line":105,"column":0},"end":{"line":105,"column":21}},"107":{"start":{"line":108,"column":0},"end":{"line":108,"column":18}},"108":{"start":{"line":109,"column":0},"end":{"line":109,"column":45}},"109":{"start":{"line":110,"column":0},"end":{"line":110,"column":29}},"110":{"start":{"line":111,"column":0},"end":{"line":111,"column":71}},"111":{"start":{"line":112,"column":0},"end":{"line":112,"column":25}},"118":{"start":{"line":119,"column":0},"end":{"line":119,"column":23}},"119":{"start":{"line":120,"column":0},"end":{"line":120,"column":145}},"120":{"start":{"line":121,"column":0},"end":{"line":121,"column":27}},"123":{"start":{"line":124,"column":0},"end":{"line":124,"column":55}},"124":{"start":{"line":125,"column":0},"end":{"line":125,"column":43}},"125":{"start":{"line":126,"column":0},"end":{"line":126,"column":38}},"126":{"start":{"line":127,"column":0},"end":{"line":127,"column":56}},"127":{"start":{"line":128,"column":0},"end":{"line":128,"column":39}},"129":{"start":{"line":130,"column":0},"end":{"line":130,"column":23}},"130":{"start":{"line":131,"column":0},"end":{"line":131,"column":29}},"143":{"start":{"line":144,"column":0},"end":{"line":144,"column":20}},"144":{"start":{"line":145,"column":0},"end":{"line":145,"column":23}},"145":{"start":{"line":146,"column":0},"end":{"line":146,"column":16}},"146":{"start":{"line":147,"column":0},"end":{"line":147,"column":14}},"148":{"start":{"line":149,"column":0},"end":{"line":149,"column":92}},"149":{"start":{"line":150,"column":0},"end":{"line":150,"column":25}},"150":{"start":{"line":151,"column":0},"end":{"line":151,"column":23}},"151":{"start":{"line":152,"column":0},"end":{"line":152,"column":21}},"152":{"start":{"line":153,"column":0},"end":{"line":153,"column":27}},"153":{"start":{"line":154,"column":0},"end":{"line":154,"column":29}},"154":{"start":{"line":155,"column":0},"end":{"line":155,"column":32}},"155":{"start":{"line":156,"column":0},"end":{"line":156,"column":29}},"156":{"start":{"line":157,"column":0},"end":{"line":157,"column":28}},"157":{"start":{"line":158,"column":0},"end":{"line":158,"column":11}},"158":{"start":{"line":159,"column":0},"end":{"line":159,"column":32}},"159":{"start":{"line":160,"column":0},"end":{"line":160,"column":23}},"161":{"start":{"line":162,"column":0},"end":{"line":162,"column":17}},"162":{"start":{"line":163,"column":0},"end":{"line":163,"column":10}},"163":{"start":{"line":164,"column":0},"end":{"line":164,"column":8}},"164":{"start":{"line":165,"column":0},"end":{"line":165,"column":11}},"165":{"start":{"line":166,"column":0},"end":{"line":166,"column":0}},"166":{"start":{"line":167,"column":0},"end":{"line":167,"column":8}},"170":{"start":{"line":171,"column":0},"end":{"line":171,"column":25}},"171":{"start":{"line":172,"column":0},"end":{"line":172,"column":34}},"173":{"start":{"line":174,"column":0},"end":{"line":174,"column":44}},"174":{"start":{"line":175,"column":0},"end":{"line":175,"column":24}},"175":{"start":{"line":176,"column":0},"end":{"line":176,"column":24}},"176":{"start":{"line":177,"column":0},"end":{"line":177,"column":24}},"177":{"start":{"line":178,"column":0},"end":{"line":178,"column":24}},"178":{"start":{"line":179,"column":0},"end":{"line":179,"column":24}},"179":{"start":{"line":180,"column":0},"end":{"line":180,"column":0}},"180":{"start":{"line":181,"column":0},"end":{"line":181,"column":17}},"181":{"start":{"line":182,"column":0},"end":{"line":182,"column":22}},"183":{"start":{"line":184,"column":0},"end":{"line":184,"column":0}},"184":{"start":{"line":185,"column":0},"end":{"line":185,"column":16}},"185":{"start":{"line":186,"column":0},"end":{"line":186,"column":20}},"187":{"start":{"line":188,"column":0},"end":{"line":188,"column":17}},"188":{"start":{"line":189,"column":0},"end":{"line":189,"column":14}},"189":{"start":{"line":190,"column":0},"end":{"line":190,"column":4}},"190":{"start":{"line":191,"column":0},"end":{"line":191,"column":10}},"191":{"start":{"line":192,"column":0},"end":{"line":192,"column":17}},"192":{"start":{"line":193,"column":0},"end":{"line":193,"column":20}},"193":{"start":{"line":194,"column":0},"end":{"line":194,"column":18}},"194":{"start":{"line":195,"column":0},"end":{"line":195,"column":6}},"195":{"start":{"line":196,"column":0},"end":{"line":196,"column":18}},"196":{"start":{"line":197,"column":0},"end":{"line":197,"column":19}},"197":{"start":{"line":198,"column":0},"end":{"line":198,"column":18}},"198":{"start":{"line":199,"column":0},"end":{"line":199,"column":6}},"199":{"start":{"line":200,"column":0},"end":{"line":200,"column":14}},"200":{"start":{"line":201,"column":0},"end":{"line":201,"column":19}},"201":{"start":{"line":202,"column":0},"end":{"line":202,"column":20}},"202":{"start":{"line":203,"column":0},"end":{"line":203,"column":6}},"203":{"start":{"line":204,"column":0},"end":{"line":204,"column":15}},"204":{"start":{"line":205,"column":0},"end":{"line":205,"column":19}},"205":{"start":{"line":206,"column":0},"end":{"line":206,"column":21}},"206":{"start":{"line":207,"column":0},"end":{"line":207,"column":6}},"207":{"start":{"line":208,"column":0},"end":{"line":208,"column":11}},"208":{"start":{"line":209,"column":0},"end":{"line":209,"column":19}},"209":{"start":{"line":210,"column":0},"end":{"line":210,"column":20}},"210":{"start":{"line":211,"column":0},"end":{"line":211,"column":6}},"211":{"start":{"line":212,"column":0},"end":{"line":212,"column":4}},"212":{"start":{"line":213,"column":0},"end":{"line":213,"column":48}},"213":{"start":{"line":214,"column":0},"end":{"line":214,"column":10}},"214":{"start":{"line":215,"column":0},"end":{"line":215,"column":12}},"215":{"start":{"line":216,"column":0},"end":{"line":216,"column":19}},"216":{"start":{"line":217,"column":0},"end":{"line":217,"column":18}},"217":{"start":{"line":218,"column":0},"end":{"line":218,"column":68}},"218":{"start":{"line":219,"column":0},"end":{"line":219,"column":19}},"219":{"start":{"line":220,"column":0},"end":{"line":220,"column":14}},"220":{"start":{"line":221,"column":0},"end":{"line":221,"column":14}},"221":{"start":{"line":222,"column":0},"end":{"line":222,"column":14}},"222":{"start":{"line":223,"column":0},"end":{"line":223,"column":14}},"223":{"start":{"line":224,"column":0},"end":{"line":224,"column":14}},"224":{"start":{"line":225,"column":0},"end":{"line":225,"column":15}},"225":{"start":{"line":226,"column":0},"end":{"line":226,"column":15}},"226":{"start":{"line":227,"column":0},"end":{"line":227,"column":14}},"227":{"start":{"line":228,"column":0},"end":{"line":228,"column":15}},"228":{"start":{"line":229,"column":0},"end":{"line":229,"column":14}},"229":{"start":{"line":230,"column":0},"end":{"line":230,"column":14}},"230":{"start":{"line":231,"column":0},"end":{"line":231,"column":14}},"231":{"start":{"line":232,"column":0},"end":{"line":232,"column":8}},"232":{"start":{"line":233,"column":0},"end":{"line":233,"column":27}},"233":{"start":{"line":234,"column":0},"end":{"line":234,"column":55}},"234":{"start":{"line":235,"column":0},"end":{"line":235,"column":21}},"235":{"start":{"line":236,"column":0},"end":{"line":236,"column":19}},"236":{"start":{"line":237,"column":0},"end":{"line":237,"column":24}},"237":{"start":{"line":238,"column":0},"end":{"line":238,"column":18}},"238":{"start":{"line":239,"column":0},"end":{"line":239,"column":36}},"239":{"start":{"line":240,"column":0},"end":{"line":240,"column":5}},"240":{"start":{"line":241,"column":0},"end":{"line":241,"column":4}},"241":{"start":{"line":242,"column":0},"end":{"line":242,"column":13}},"242":{"start":{"line":243,"column":0},"end":{"line":243,"column":20}},"243":{"start":{"line":244,"column":0},"end":{"line":244,"column":86}},"244":{"start":{"line":245,"column":0},"end":{"line":245,"column":37}},"245":{"start":{"line":246,"column":0},"end":{"line":246,"column":39}},"246":{"start":{"line":247,"column":0},"end":{"line":247,"column":64}},"247":{"start":{"line":248,"column":0},"end":{"line":248,"column":72}},"248":{"start":{"line":249,"column":0},"end":{"line":249,"column":22}},"249":{"start":{"line":250,"column":0},"end":{"line":250,"column":24}},"250":{"start":{"line":251,"column":0},"end":{"line":251,"column":19}},"251":{"start":{"line":252,"column":0},"end":{"line":252,"column":42}},"252":{"start":{"line":253,"column":0},"end":{"line":253,"column":19}},"253":{"start":{"line":254,"column":0},"end":{"line":254,"column":69}},"254":{"start":{"line":255,"column":0},"end":{"line":255,"column":25}},"255":{"start":{"line":256,"column":0},"end":{"line":256,"column":46}},"256":{"start":{"line":257,"column":0},"end":{"line":257,"column":46}},"257":{"start":{"line":258,"column":0},"end":{"line":258,"column":10}},"258":{"start":{"line":259,"column":0},"end":{"line":259,"column":7}},"259":{"start":{"line":260,"column":0},"end":{"line":260,"column":52}},"260":{"start":{"line":261,"column":0},"end":{"line":261,"column":60}},"261":{"start":{"line":262,"column":0},"end":{"line":262,"column":32}},"262":{"start":{"line":263,"column":0},"end":{"line":263,"column":30}},"263":{"start":{"line":264,"column":0},"end":{"line":264,"column":19}},"264":{"start":{"line":265,"column":0},"end":{"line":265,"column":9}},"265":{"start":{"line":266,"column":0},"end":{"line":266,"column":7}},"266":{"start":{"line":267,"column":0},"end":{"line":267,"column":26}},"267":{"start":{"line":268,"column":0},"end":{"line":268,"column":50}},"268":{"start":{"line":269,"column":0},"end":{"line":269,"column":19}},"269":{"start":{"line":270,"column":0},"end":{"line":270,"column":33}},"270":{"start":{"line":271,"column":0},"end":{"line":271,"column":21}},"271":{"start":{"line":272,"column":0},"end":{"line":272,"column":46}},"272":{"start":{"line":273,"column":0},"end":{"line":273,"column":47}},"273":{"start":{"line":274,"column":0},"end":{"line":274,"column":10}},"274":{"start":{"line":275,"column":0},"end":{"line":275,"column":7}},"275":{"start":{"line":276,"column":0},"end":{"line":276,"column":28}},"276":{"start":{"line":277,"column":0},"end":{"line":277,"column":28}},"277":{"start":{"line":278,"column":0},"end":{"line":278,"column":7}},"278":{"start":{"line":279,"column":0},"end":{"line":279,"column":40}},"279":{"start":{"line":280,"column":0},"end":{"line":280,"column":0}},"280":{"start":{"line":281,"column":0},"end":{"line":281,"column":22}},"281":{"start":{"line":282,"column":0},"end":{"line":282,"column":6}},"283":{"start":{"line":284,"column":0},"end":{"line":284,"column":48}},"284":{"start":{"line":285,"column":0},"end":{"line":285,"column":6}},"285":{"start":{"line":286,"column":0},"end":{"line":286,"column":18}},"286":{"start":{"line":287,"column":0},"end":{"line":287,"column":99}},"287":{"start":{"line":288,"column":0},"end":{"line":288,"column":6}},"288":{"start":{"line":289,"column":0},"end":{"line":289,"column":25}},"289":{"start":{"line":290,"column":0},"end":{"line":290,"column":91}},"290":{"start":{"line":291,"column":0},"end":{"line":291,"column":23}},"291":{"start":{"line":292,"column":0},"end":{"line":292,"column":8}},"292":{"start":{"line":293,"column":0},"end":{"line":293,"column":6}},"293":{"start":{"line":294,"column":0},"end":{"line":294,"column":4}},"294":{"start":{"line":295,"column":0},"end":{"line":295,"column":10}},"295":{"start":{"line":296,"column":0},"end":{"line":296,"column":16}},"296":{"start":{"line":297,"column":0},"end":{"line":297,"column":34}},"297":{"start":{"line":298,"column":0},"end":{"line":298,"column":30}},"298":{"start":{"line":299,"column":0},"end":{"line":299,"column":6}},"299":{"start":{"line":300,"column":0},"end":{"line":300,"column":24}},"300":{"start":{"line":301,"column":0},"end":{"line":301,"column":52}},"301":{"start":{"line":302,"column":0},"end":{"line":302,"column":6}},"302":{"start":{"line":303,"column":0},"end":{"line":303,"column":4}},"303":{"start":{"line":304,"column":0},"end":{"line":304,"column":13}},"304":{"start":{"line":305,"column":0},"end":{"line":305,"column":21}},"305":{"start":{"line":306,"column":0},"end":{"line":306,"column":86}},"306":{"start":{"line":307,"column":0},"end":{"line":307,"column":88}},"307":{"start":{"line":308,"column":0},"end":{"line":308,"column":82}},"308":{"start":{"line":309,"column":0},"end":{"line":309,"column":5}},"309":{"start":{"line":310,"column":0},"end":{"line":310,"column":4}},"310":{"start":{"line":311,"column":0},"end":{"line":311,"column":12}},"311":{"start":{"line":312,"column":0},"end":{"line":312,"column":40}},"312":{"start":{"line":313,"column":0},"end":{"line":313,"column":32}},"313":{"start":{"line":314,"column":0},"end":{"line":314,"column":56}},"314":{"start":{"line":315,"column":0},"end":{"line":315,"column":42}},"315":{"start":{"line":316,"column":0},"end":{"line":316,"column":53}},"316":{"start":{"line":317,"column":0},"end":{"line":317,"column":70}},"317":{"start":{"line":318,"column":0},"end":{"line":318,"column":7}},"318":{"start":{"line":319,"column":0},"end":{"line":319,"column":56}},"319":{"start":{"line":320,"column":0},"end":{"line":320,"column":6}},"320":{"start":{"line":321,"column":0},"end":{"line":321,"column":25}},"321":{"start":{"line":322,"column":0},"end":{"line":322,"column":22}},"322":{"start":{"line":323,"column":0},"end":{"line":323,"column":24}},"323":{"start":{"line":324,"column":0},"end":{"line":324,"column":25}},"324":{"start":{"line":325,"column":0},"end":{"line":325,"column":6}},"325":{"start":{"line":326,"column":0},"end":{"line":326,"column":17}},"326":{"start":{"line":327,"column":0},"end":{"line":327,"column":23}},"327":{"start":{"line":328,"column":0},"end":{"line":328,"column":6}},"328":{"start":{"line":329,"column":0},"end":{"line":329,"column":19}},"329":{"start":{"line":330,"column":0},"end":{"line":330,"column":23}},"330":{"start":{"line":331,"column":0},"end":{"line":331,"column":6}},"331":{"start":{"line":332,"column":0},"end":{"line":332,"column":17}},"332":{"start":{"line":333,"column":0},"end":{"line":333,"column":59}},"333":{"start":{"line":334,"column":0},"end":{"line":334,"column":22}},"334":{"start":{"line":335,"column":0},"end":{"line":335,"column":51}},"335":{"start":{"line":336,"column":0},"end":{"line":336,"column":12}},"336":{"start":{"line":337,"column":0},"end":{"line":337,"column":47}},"337":{"start":{"line":338,"column":0},"end":{"line":338,"column":50}},"338":{"start":{"line":339,"column":0},"end":{"line":339,"column":48}},"339":{"start":{"line":340,"column":0},"end":{"line":340,"column":84}},"340":{"start":{"line":341,"column":0},"end":{"line":341,"column":41}},"341":{"start":{"line":342,"column":0},"end":{"line":342,"column":11}},"342":{"start":{"line":343,"column":0},"end":{"line":343,"column":16}},"343":{"start":{"line":344,"column":0},"end":{"line":344,"column":9}},"344":{"start":{"line":345,"column":0},"end":{"line":345,"column":77}},"345":{"start":{"line":346,"column":0},"end":{"line":346,"column":44}},"346":{"start":{"line":347,"column":0},"end":{"line":347,"column":71}},"347":{"start":{"line":348,"column":0},"end":{"line":348,"column":7}},"348":{"start":{"line":349,"column":0},"end":{"line":349,"column":6}},"349":{"start":{"line":350,"column":0},"end":{"line":350,"column":22}},"350":{"start":{"line":351,"column":0},"end":{"line":351,"column":22}},"351":{"start":{"line":352,"column":0},"end":{"line":352,"column":19}},"352":{"start":{"line":353,"column":0},"end":{"line":353,"column":62}},"353":{"start":{"line":354,"column":0},"end":{"line":354,"column":75}},"354":{"start":{"line":355,"column":0},"end":{"line":355,"column":18}},"355":{"start":{"line":356,"column":0},"end":{"line":356,"column":21}},"356":{"start":{"line":357,"column":0},"end":{"line":357,"column":82}},"357":{"start":{"line":358,"column":0},"end":{"line":358,"column":16}},"358":{"start":{"line":359,"column":0},"end":{"line":359,"column":81}},"359":{"start":{"line":360,"column":0},"end":{"line":360,"column":7}},"360":{"start":{"line":361,"column":0},"end":{"line":361,"column":6}},"361":{"start":{"line":362,"column":0},"end":{"line":362,"column":27}},"362":{"start":{"line":363,"column":0},"end":{"line":363,"column":37}},"363":{"start":{"line":364,"column":0},"end":{"line":364,"column":6}},"364":{"start":{"line":365,"column":0},"end":{"line":365,"column":24}},"365":{"start":{"line":366,"column":0},"end":{"line":366,"column":33}},"366":{"start":{"line":367,"column":0},"end":{"line":367,"column":32}},"367":{"start":{"line":368,"column":0},"end":{"line":368,"column":6}},"368":{"start":{"line":369,"column":0},"end":{"line":369,"column":20}},"369":{"start":{"line":370,"column":0},"end":{"line":370,"column":75}},"370":{"start":{"line":371,"column":0},"end":{"line":371,"column":73}},"371":{"start":{"line":372,"column":0},"end":{"line":372,"column":32}},"372":{"start":{"line":373,"column":0},"end":{"line":373,"column":55}},"373":{"start":{"line":374,"column":0},"end":{"line":374,"column":57}},"374":{"start":{"line":375,"column":0},"end":{"line":375,"column":48}},"375":{"start":{"line":376,"column":0},"end":{"line":376,"column":37}},"376":{"start":{"line":377,"column":0},"end":{"line":377,"column":100}},"377":{"start":{"line":378,"column":0},"end":{"line":378,"column":79}},"378":{"start":{"line":379,"column":0},"end":{"line":379,"column":0}},"379":{"start":{"line":380,"column":0},"end":{"line":380,"column":10}},"380":{"start":{"line":381,"column":0},"end":{"line":381,"column":28}},"382":{"start":{"line":383,"column":0},"end":{"line":383,"column":34}},"383":{"start":{"line":384,"column":0},"end":{"line":384,"column":30}},"384":{"start":{"line":385,"column":0},"end":{"line":385,"column":9}},"385":{"start":{"line":386,"column":0},"end":{"line":386,"column":46}},"386":{"start":{"line":387,"column":0},"end":{"line":387,"column":26}},"387":{"start":{"line":388,"column":0},"end":{"line":388,"column":54}},"388":{"start":{"line":389,"column":0},"end":{"line":389,"column":59}},"389":{"start":{"line":390,"column":0},"end":{"line":390,"column":44}},"390":{"start":{"line":391,"column":0},"end":{"line":391,"column":71}},"391":{"start":{"line":392,"column":0},"end":{"line":392,"column":14}},"392":{"start":{"line":393,"column":0},"end":{"line":393,"column":46}},"393":{"start":{"line":394,"column":0},"end":{"line":394,"column":26}},"394":{"start":{"line":395,"column":0},"end":{"line":395,"column":54}},"395":{"start":{"line":396,"column":0},"end":{"line":396,"column":7}},"396":{"start":{"line":397,"column":0},"end":{"line":397,"column":6}},"397":{"start":{"line":398,"column":0},"end":{"line":398,"column":24}},"398":{"start":{"line":399,"column":0},"end":{"line":399,"column":14}},"399":{"start":{"line":400,"column":0},"end":{"line":400,"column":45}},"400":{"start":{"line":401,"column":0},"end":{"line":401,"column":46}},"401":{"start":{"line":402,"column":0},"end":{"line":402,"column":41}},"402":{"start":{"line":403,"column":0},"end":{"line":403,"column":7}},"403":{"start":{"line":404,"column":0},"end":{"line":404,"column":6}},"404":{"start":{"line":405,"column":0},"end":{"line":405,"column":22}},"405":{"start":{"line":406,"column":0},"end":{"line":406,"column":14}},"406":{"start":{"line":407,"column":0},"end":{"line":407,"column":43}},"407":{"start":{"line":408,"column":0},"end":{"line":408,"column":44}},"408":{"start":{"line":409,"column":0},"end":{"line":409,"column":39}},"409":{"start":{"line":410,"column":0},"end":{"line":410,"column":7}},"410":{"start":{"line":411,"column":0},"end":{"line":411,"column":6}},"411":{"start":{"line":412,"column":0},"end":{"line":412,"column":28}},"412":{"start":{"line":413,"column":0},"end":{"line":413,"column":61}},"413":{"start":{"line":414,"column":0},"end":{"line":414,"column":6}},"414":{"start":{"line":415,"column":0},"end":{"line":415,"column":28}},"415":{"start":{"line":416,"column":0},"end":{"line":416,"column":32}},"416":{"start":{"line":417,"column":0},"end":{"line":417,"column":43}},"417":{"start":{"line":418,"column":0},"end":{"line":418,"column":41}},"418":{"start":{"line":419,"column":0},"end":{"line":419,"column":86}},"419":{"start":{"line":420,"column":0},"end":{"line":420,"column":81}},"420":{"start":{"line":421,"column":0},"end":{"line":421,"column":34}},"421":{"start":{"line":422,"column":0},"end":{"line":422,"column":44}},"422":{"start":{"line":423,"column":0},"end":{"line":423,"column":42}},"423":{"start":{"line":424,"column":0},"end":{"line":424,"column":43}},"424":{"start":{"line":425,"column":0},"end":{"line":425,"column":38}},"425":{"start":{"line":426,"column":0},"end":{"line":426,"column":39}},"426":{"start":{"line":427,"column":0},"end":{"line":427,"column":44}},"427":{"start":{"line":428,"column":0},"end":{"line":428,"column":46}},"428":{"start":{"line":429,"column":0},"end":{"line":429,"column":31}},"429":{"start":{"line":430,"column":0},"end":{"line":430,"column":43}},"430":{"start":{"line":431,"column":0},"end":{"line":431,"column":42}},"431":{"start":{"line":432,"column":0},"end":{"line":432,"column":44}},"432":{"start":{"line":433,"column":0},"end":{"line":433,"column":42}},"433":{"start":{"line":434,"column":0},"end":{"line":434,"column":32}},"434":{"start":{"line":435,"column":0},"end":{"line":435,"column":45}},"435":{"start":{"line":436,"column":0},"end":{"line":436,"column":48}},"436":{"start":{"line":437,"column":0},"end":{"line":437,"column":45}},"437":{"start":{"line":438,"column":0},"end":{"line":438,"column":43}},"438":{"start":{"line":439,"column":0},"end":{"line":439,"column":43}},"439":{"start":{"line":440,"column":0},"end":{"line":440,"column":46}},"440":{"start":{"line":441,"column":0},"end":{"line":441,"column":43}},"441":{"start":{"line":442,"column":0},"end":{"line":442,"column":42}},"442":{"start":{"line":443,"column":0},"end":{"line":443,"column":31}},"443":{"start":{"line":444,"column":0},"end":{"line":444,"column":43}},"444":{"start":{"line":445,"column":0},"end":{"line":445,"column":46}},"445":{"start":{"line":446,"column":0},"end":{"line":446,"column":44}},"446":{"start":{"line":447,"column":0},"end":{"line":447,"column":30}},"447":{"start":{"line":448,"column":0},"end":{"line":448,"column":41}},"448":{"start":{"line":449,"column":0},"end":{"line":449,"column":31}},"449":{"start":{"line":450,"column":0},"end":{"line":450,"column":41}},"450":{"start":{"line":451,"column":0},"end":{"line":451,"column":44}},"451":{"start":{"line":452,"column":0},"end":{"line":452,"column":42}},"452":{"start":{"line":453,"column":0},"end":{"line":453,"column":43}},"453":{"start":{"line":454,"column":0},"end":{"line":454,"column":14}},"454":{"start":{"line":455,"column":0},"end":{"line":455,"column":29}},"455":{"start":{"line":456,"column":0},"end":{"line":456,"column":31}},"456":{"start":{"line":457,"column":0},"end":{"line":457,"column":28}},"457":{"start":{"line":458,"column":0},"end":{"line":458,"column":28}},"458":{"start":{"line":459,"column":0},"end":{"line":459,"column":36}},"459":{"start":{"line":460,"column":0},"end":{"line":460,"column":26}},"460":{"start":{"line":461,"column":0},"end":{"line":461,"column":7}},"461":{"start":{"line":462,"column":0},"end":{"line":462,"column":6}},"462":{"start":{"line":463,"column":0},"end":{"line":463,"column":18}},"463":{"start":{"line":464,"column":0},"end":{"line":464,"column":98}},"464":{"start":{"line":465,"column":0},"end":{"line":465,"column":35}},"465":{"start":{"line":466,"column":0},"end":{"line":466,"column":31}},"466":{"start":{"line":467,"column":0},"end":{"line":467,"column":50}},"467":{"start":{"line":468,"column":0},"end":{"line":468,"column":76}},"468":{"start":{"line":469,"column":0},"end":{"line":469,"column":7}},"469":{"start":{"line":470,"column":0},"end":{"line":470,"column":36}},"470":{"start":{"line":471,"column":0},"end":{"line":471,"column":132}},"471":{"start":{"line":472,"column":0},"end":{"line":472,"column":7}},"472":{"start":{"line":473,"column":0},"end":{"line":473,"column":115}},"473":{"start":{"line":474,"column":0},"end":{"line":474,"column":6}},"474":{"start":{"line":475,"column":0},"end":{"line":475,"column":18}},"475":{"start":{"line":476,"column":0},"end":{"line":476,"column":42}},"476":{"start":{"line":477,"column":0},"end":{"line":477,"column":22}},"477":{"start":{"line":478,"column":0},"end":{"line":478,"column":38}},"478":{"start":{"line":479,"column":0},"end":{"line":479,"column":70}},"479":{"start":{"line":480,"column":0},"end":{"line":480,"column":6}},"480":{"start":{"line":481,"column":0},"end":{"line":481,"column":15}},"481":{"start":{"line":482,"column":0},"end":{"line":482,"column":43}},"482":{"start":{"line":483,"column":0},"end":{"line":483,"column":23}},"483":{"start":{"line":484,"column":0},"end":{"line":484,"column":58}},"484":{"start":{"line":485,"column":0},"end":{"line":485,"column":6}},"485":{"start":{"line":486,"column":0},"end":{"line":486,"column":24}},"486":{"start":{"line":487,"column":0},"end":{"line":487,"column":26}},"487":{"start":{"line":488,"column":0},"end":{"line":488,"column":24}},"488":{"start":{"line":489,"column":0},"end":{"line":489,"column":23}},"489":{"start":{"line":490,"column":0},"end":{"line":490,"column":79}},"490":{"start":{"line":491,"column":0},"end":{"line":491,"column":81}},"491":{"start":{"line":492,"column":0},"end":{"line":492,"column":75}},"492":{"start":{"line":493,"column":0},"end":{"line":493,"column":7}},"493":{"start":{"line":494,"column":0},"end":{"line":494,"column":30}},"494":{"start":{"line":495,"column":0},"end":{"line":495,"column":43}},"495":{"start":{"line":496,"column":0},"end":{"line":496,"column":28}},"496":{"start":{"line":497,"column":0},"end":{"line":497,"column":60}},"497":{"start":{"line":498,"column":0},"end":{"line":498,"column":7}},"498":{"start":{"line":499,"column":0},"end":{"line":499,"column":6}},"499":{"start":{"line":500,"column":0},"end":{"line":500,"column":15}},"500":{"start":{"line":501,"column":0},"end":{"line":501,"column":84}},"501":{"start":{"line":502,"column":0},"end":{"line":502,"column":82}},"502":{"start":{"line":503,"column":0},"end":{"line":503,"column":32}},"503":{"start":{"line":504,"column":0},"end":{"line":504,"column":28}},"504":{"start":{"line":505,"column":0},"end":{"line":505,"column":23}},"505":{"start":{"line":506,"column":0},"end":{"line":506,"column":88}},"506":{"start":{"line":507,"column":0},"end":{"line":507,"column":90}},"507":{"start":{"line":508,"column":0},"end":{"line":508,"column":84}},"508":{"start":{"line":509,"column":0},"end":{"line":509,"column":7}},"509":{"start":{"line":510,"column":0},"end":{"line":510,"column":30}},"510":{"start":{"line":511,"column":0},"end":{"line":511,"column":23}},"511":{"start":{"line":512,"column":0},"end":{"line":512,"column":6}},"512":{"start":{"line":513,"column":0},"end":{"line":513,"column":21}},"513":{"start":{"line":514,"column":0},"end":{"line":514,"column":40}},"514":{"start":{"line":515,"column":0},"end":{"line":515,"column":51}},"515":{"start":{"line":516,"column":0},"end":{"line":516,"column":73}},"516":{"start":{"line":517,"column":0},"end":{"line":517,"column":6}},"517":{"start":{"line":518,"column":0},"end":{"line":518,"column":28}},"518":{"start":{"line":519,"column":0},"end":{"line":519,"column":40}},"519":{"start":{"line":520,"column":0},"end":{"line":520,"column":17}},"520":{"start":{"line":521,"column":0},"end":{"line":521,"column":16}},"521":{"start":{"line":522,"column":0},"end":{"line":522,"column":98}},"522":{"start":{"line":523,"column":0},"end":{"line":523,"column":9}},"523":{"start":{"line":524,"column":0},"end":{"line":524,"column":7}},"524":{"start":{"line":525,"column":0},"end":{"line":525,"column":14}},"525":{"start":{"line":526,"column":0},"end":{"line":526,"column":16}},"526":{"start":{"line":527,"column":0},"end":{"line":527,"column":89}},"527":{"start":{"line":528,"column":0},"end":{"line":528,"column":92}},"528":{"start":{"line":529,"column":0},"end":{"line":529,"column":10}},"529":{"start":{"line":530,"column":0},"end":{"line":530,"column":7}},"530":{"start":{"line":531,"column":0},"end":{"line":531,"column":6}},"531":{"start":{"line":532,"column":0},"end":{"line":532,"column":4}},"532":{"start":{"line":533,"column":0},"end":{"line":533,"column":1}},"533":{"start":{"line":534,"column":0},"end":{"line":534,"column":9}},"534":{"start":{"line":535,"column":0},"end":{"line":535,"column":0}},"535":{"start":{"line":536,"column":0},"end":{"line":536,"column":7}}},"s":{"1":1,"2":1,"3":1,"4":1,"5":1,"6":1,"7":1,"8":1,"9":1,"10":1,"11":1,"12":1,"13":1,"15":1,"16":1,"17":1,"18":1,"19":1,"20":1,"21":1,"22":1,"23":1,"24":1,"25":1,"26":1,"27":1,"28":1,"29":1,"30":1,"31":1,"32":1,"33":1,"34":1,"35":1,"36":1,"37":1,"38":1,"39":1,"40":1,"41":1,"42":1,"43":1,"44":1,"45":1,"46":1,"47":1,"48":1,"49":1,"50":1,"51":1,"54":1,"55":1,"56":1,"57":1,"58":1,"59":1,"60":1,"61":1,"62":1,"63":1,"64":1,"65":1,"66":1,"67":1,"68":1,"69":1,"70":1,"71":1,"72":1,"73":1,"74":1,"75":1,"76":1,"77":1,"82":1,"84":1,"85":1,"86":1,"87":1,"88":1,"90":1,"91":1,"92":1,"93":1,"94":1,"95":1,"97":1,"98":1,"99":1,"100":1,"101":1,"103":1,"104":1,"107":1,"108":1,"109":1,"110":1,"111":1,"118":1,"119":1,"120":1,"123":1,"124":1,"125":1,"126":1,"127":1,"129":1,"130":1,"143":1,"144":1,"145":1,"146":1,"148":1,"149":1,"150":1,"151":1,"152":1,"153":1,"154":1,"155":1,"156":1,"157":1,"158":1,"159":1,"161":1,"162":1,"163":1,"164":1,"165":1,"166":1,"170":1,"171":1,"173":1,"174":1,"175":1,"176":1,"177":1,"178":1,"179":1,"180":1,"181":1,"183":1,"184":1,"185":1,"187":1,"188":1,"189":1,"190":1,"191":1,"192":1,"193":1,"194":1,"195":1,"196":1,"197":1,"198":1,"199":1,"200":1,"201":1,"202":1,"203":1,"204":1,"205":1,"206":1,"207":1,"208":1,"209":1,"210":1,"211":1,"212":1,"213":1,"214":1,"215":1,"216":1,"217":56,"218":56,"219":56,"220":56,"221":56,"222":56,"223":56,"224":56,"225":56,"226":56,"227":56,"228":56,"229":56,"230":56,"231":56,"232":56,"233":56,"234":56,"235":56,"236":56,"237":56,"238":56,"239":56,"240":56,"241":56,"242":56,"243":1,"244":1,"245":1,"246":3,"247":3,"248":3,"249":3,"250":3,"251":3,"252":3,"253":3,"254":3,"255":3,"256":3,"257":3,"258":3,"259":3,"260":3,"261":3,"262":3,"263":93,"264":93,"265":12,"266":12,"267":12,"268":93,"269":3,"270":3,"271":9,"272":9,"273":9,"274":9,"275":9,"276":9,"277":9,"278":3,"279":3,"280":3,"281":3,"283":3,"284":1,"285":1,"286":4,"287":1,"288":1,"289":2,"290":1,"291":1,"292":2,"293":2,"294":2,"295":1,"296":1,"297":1,"298":1,"299":4,"300":1,"301":1,"302":1,"303":3,"304":1,"305":1,"306":1,"307":56,"308":56,"309":56,"310":56,"311":56,"312":1,"313":1,"314":1,"315":176,"316":175,"317":175,"318":176,"319":0,"320":0,"321":175,"322":1,"323":1,"324":1,"325":1,"326":1,"327":1,"328":1,"329":1,"330":1,"331":1,"332":1,"333":1,"334":1,"335":6,"336":1,"337":1,"338":1,"339":1,"340":1,"341":1,"342":1,"343":1,"344":1,"345":0,"346":0,"347":1,"348":1,"349":1,"350":1,"351":1,"352":1,"353":75,"354":75,"355":72,"356":72,"357":72,"358":75,"359":1,"360":75,"361":2,"362":75,"363":1,"364":1,"365":2,"366":1,"367":1,"368":1,"369":1,"370":1,"371":1,"372":6,"373":6,"374":6,"375":6,"376":6,"377":3,"378":6,"379":6,"380":6,"382":6,"383":6,"384":5,"385":6,"386":3,"387":6,"388":4,"389":4,"390":4,"391":6,"392":1,"393":1,"394":1,"395":1,"396":1,"397":1,"398":1,"399":1,"400":1,"401":211,"402":211,"403":1,"404":1,"405":211,"406":1,"407":1,"408":141,"409":141,"410":1,"411":1,"412":141,"413":1,"414":1,"415":73,"416":1,"417":1,"418":78,"419":78,"420":7,"421":7,"422":5,"423":78,"424":78,"425":78,"426":78,"427":1,"428":78,"429":78,"430":7,"431":78,"432":78,"433":78,"434":78,"435":78,"436":78,"437":78,"438":5,"439":78,"440":78,"441":77,"442":4,"443":77,"444":77,"445":78,"446":78,"447":7,"448":3,"449":78,"450":2,"451":78,"452":78,"453":8,"454":3,"455":2,"456":78,"457":78,"458":78,"459":78,"460":75,"461":75,"462":73,"463":78,"464":1,"465":1,"466":6,"467":3,"468":3,"469":3,"470":1,"471":1,"472":6,"473":1,"474":1,"475":1,"476":1,"477":1,"478":2,"479":1,"480":1,"481":2,"482":1,"483":1,"484":1,"485":1,"486":1,"487":1,"488":1,"489":2,"490":2,"491":2,"492":2,"493":2,"494":2,"495":2,"496":2,"497":2,"498":2,"499":1,"500":1,"501":1,"502":1,"503":2,"504":2,"505":2,"506":2,"507":2,"508":2,"509":2,"510":2,"511":2,"512":2,"513":2,"514":1,"515":1,"516":1,"517":1,"518":1,"519":1,"520":1,"521":8,"522":8,"523":6,"524":6,"525":6,"526":6,"527":2,"528":2,"529":2,"530":2,"531":2,"532":2,"533":1,"534":1,"535":1},"branchMap":{"0":{"type":"branch","line":217,"loc":{"start":{"line":217,"column":2},"end":{"line":244,"column":3}},"locations":[{"start":{"line":217,"column":2},"end":{"line":244,"column":3}}]},"1":{"type":"branch","line":246,"loc":{"start":{"line":246,"column":4},"end":{"line":285,"column":5}},"locations":[{"start":{"line":246,"column":4},"end":{"line":285,"column":5}}]},"2":{"type":"branch","line":260,"loc":{"start":{"line":260,"column":39},"end":{"line":260,"column":45}},"locations":[{"start":{"line":260,"column":39},"end":{"line":260,"column":45}}]},"3":{"type":"branch","line":264,"loc":{"start":{"line":264,"column":-1},"end":{"line":269,"column":19}},"locations":[{"start":{"line":264,"column":-1},"end":{"line":269,"column":19}}]},"4":{"type":"branch","line":266,"loc":{"start":{"line":266,"column":-1},"end":{"line":268,"column":50}},"locations":[{"start":{"line":266,"column":-1},"end":{"line":268,"column":50}}]},"5":{"type":"branch","line":272,"loc":{"start":{"line":272,"column":-1},"end":{"line":278,"column":7}},"locations":[{"start":{"line":272,"column":-1},"end":{"line":278,"column":7}}]},"6":{"type":"branch","line":286,"loc":{"start":{"line":286,"column":4},"end":{"line":288,"column":5}},"locations":[{"start":{"line":286,"column":4},"end":{"line":288,"column":5}}]},"7":{"type":"branch","line":289,"loc":{"start":{"line":289,"column":4},"end":{"line":291,"column":5}},"locations":[{"start":{"line":289,"column":4},"end":{"line":291,"column":5}}]},"8":{"type":"branch","line":292,"loc":{"start":{"line":292,"column":4},"end":{"line":296,"column":5}},"locations":[{"start":{"line":292,"column":4},"end":{"line":296,"column":5}}]},"9":{"type":"branch","line":299,"loc":{"start":{"line":299,"column":4},"end":{"line":302,"column":5}},"locations":[{"start":{"line":299,"column":4},"end":{"line":302,"column":5}}]},"10":{"type":"branch","line":300,"loc":{"start":{"line":300,"column":16},"end":{"line":300,"column":24}},"locations":[{"start":{"line":300,"column":16},"end":{"line":300,"column":24}}]},"11":{"type":"branch","line":301,"loc":{"start":{"line":301,"column":-1},"end":{"line":301,"column":52}},"locations":[{"start":{"line":301,"column":-1},"end":{"line":301,"column":52}}]},"12":{"type":"branch","line":304,"loc":{"start":{"line":304,"column":-1},"end":{"line":305,"column":5}},"locations":[{"start":{"line":304,"column":-1},"end":{"line":305,"column":5}}]},"13":{"type":"branch","line":307,"loc":{"start":{"line":307,"column":2},"end":{"line":313,"column":3}},"locations":[{"start":{"line":307,"column":2},"end":{"line":313,"column":3}}]},"14":{"type":"branch","line":315,"loc":{"start":{"line":315,"column":4},"end":{"line":323,"column":5}},"locations":[{"start":{"line":315,"column":4},"end":{"line":323,"column":5}}]},"15":{"type":"branch","line":316,"loc":{"start":{"line":316,"column":22},"end":{"line":316,"column":53}},"locations":[{"start":{"line":316,"column":22},"end":{"line":316,"column":53}}]},"16":{"type":"branch","line":316,"loc":{"start":{"line":316,"column":31},"end":{"line":319,"column":50}},"locations":[{"start":{"line":316,"column":31},"end":{"line":319,"column":50}}]},"17":{"type":"branch","line":319,"loc":{"start":{"line":319,"column":52},"end":{"line":321,"column":25}},"locations":[{"start":{"line":319,"column":52},"end":{"line":321,"column":25}}]},"18":{"type":"branch","line":321,"loc":{"start":{"line":321,"column":6},"end":{"line":323,"column":5}},"locations":[{"start":{"line":321,"column":6},"end":{"line":323,"column":5}}]},"19":{"type":"branch","line":324,"loc":{"start":{"line":324,"column":4},"end":{"line":328,"column":5}},"locations":[{"start":{"line":324,"column":4},"end":{"line":328,"column":5}}]},"20":{"type":"branch","line":329,"loc":{"start":{"line":329,"column":4},"end":{"line":331,"column":5}},"locations":[{"start":{"line":329,"column":4},"end":{"line":331,"column":5}}]},"21":{"type":"branch","line":332,"loc":{"start":{"line":332,"column":4},"end":{"line":334,"column":5}},"locations":[{"start":{"line":332,"column":4},"end":{"line":334,"column":5}}]},"22":{"type":"branch","line":335,"loc":{"start":{"line":335,"column":4},"end":{"line":352,"column":5}},"locations":[{"start":{"line":335,"column":4},"end":{"line":352,"column":5}}]},"23":{"type":"branch","line":337,"loc":{"start":{"line":337,"column":-1},"end":{"line":351,"column":22}},"locations":[{"start":{"line":337,"column":-1},"end":{"line":351,"column":22}}]},"24":{"type":"branch","line":345,"loc":{"start":{"line":345,"column":10},"end":{"line":347,"column":71}},"locations":[{"start":{"line":345,"column":10},"end":{"line":347,"column":71}}]},"25":{"type":"branch","line":353,"loc":{"start":{"line":353,"column":4},"end":{"line":364,"column":5}},"locations":[{"start":{"line":353,"column":4},"end":{"line":364,"column":5}}]},"26":{"type":"branch","line":355,"loc":{"start":{"line":355,"column":8},"end":{"line":358,"column":16}},"locations":[{"start":{"line":355,"column":8},"end":{"line":358,"column":16}}]},"27":{"type":"branch","line":357,"loc":{"start":{"line":357,"column":12},"end":{"line":357,"column":82}},"locations":[{"start":{"line":357,"column":12},"end":{"line":357,"column":82}}]},"28":{"type":"branch","line":358,"loc":{"start":{"line":358,"column":12},"end":{"line":358,"column":16}},"locations":[{"start":{"line":358,"column":12},"end":{"line":358,"column":16}}]},"29":{"type":"branch","line":359,"loc":{"start":{"line":359,"column":8},"end":{"line":360,"column":7}},"locations":[{"start":{"line":359,"column":8},"end":{"line":360,"column":7}}]},"30":{"type":"branch","line":362,"loc":{"start":{"line":362,"column":-1},"end":{"line":362,"column":27}},"locations":[{"start":{"line":362,"column":-1},"end":{"line":362,"column":27}}]},"31":{"type":"branch","line":365,"loc":{"start":{"line":365,"column":4},"end":{"line":367,"column":5}},"locations":[{"start":{"line":365,"column":4},"end":{"line":367,"column":5}}]},"32":{"type":"branch","line":368,"loc":{"start":{"line":368,"column":4},"end":{"line":371,"column":5}},"locations":[{"start":{"line":368,"column":4},"end":{"line":371,"column":5}}]},"33":{"type":"branch","line":372,"loc":{"start":{"line":372,"column":4},"end":{"line":400,"column":5}},"locations":[{"start":{"line":372,"column":4},"end":{"line":400,"column":5}}]},"34":{"type":"branch","line":377,"loc":{"start":{"line":377,"column":-1},"end":{"line":377,"column":53}},"locations":[{"start":{"line":377,"column":-1},"end":{"line":377,"column":53}}]},"35":{"type":"branch","line":377,"loc":{"start":{"line":377,"column":55},"end":{"line":378,"column":79}},"locations":[{"start":{"line":377,"column":55},"end":{"line":378,"column":79}}]},"36":{"type":"branch","line":384,"loc":{"start":{"line":384,"column":26},"end":{"line":385,"column":9}},"locations":[{"start":{"line":384,"column":26},"end":{"line":385,"column":9}}]},"37":{"type":"branch","line":386,"loc":{"start":{"line":386,"column":-1},"end":{"line":386,"column":30}},"locations":[{"start":{"line":386,"column":-1},"end":{"line":386,"column":30}}]},"38":{"type":"branch","line":386,"loc":{"start":{"line":386,"column":32},"end":{"line":387,"column":26}},"locations":[{"start":{"line":386,"column":32},"end":{"line":387,"column":26}}]},"39":{"type":"branch","line":388,"loc":{"start":{"line":388,"column":8},"end":{"line":392,"column":8}},"locations":[{"start":{"line":388,"column":8},"end":{"line":392,"column":8}}]},"40":{"type":"branch","line":392,"loc":{"start":{"line":392,"column":6},"end":{"line":399,"column":14}},"locations":[{"start":{"line":392,"column":6},"end":{"line":399,"column":14}}]},"41":{"type":"branch","line":393,"loc":{"start":{"line":393,"column":-1},"end":{"line":399,"column":14}},"locations":[{"start":{"line":393,"column":-1},"end":{"line":399,"column":14}}]},"42":{"type":"branch","line":401,"loc":{"start":{"line":401,"column":4},"end":{"line":407,"column":5}},"locations":[{"start":{"line":401,"column":4},"end":{"line":407,"column":5}}]},"43":{"type":"branch","line":404,"loc":{"start":{"line":404,"column":-1},"end":{"line":404,"column":6}},"locations":[{"start":{"line":404,"column":-1},"end":{"line":404,"column":6}}]},"44":{"type":"branch","line":405,"loc":{"start":{"line":405,"column":-1},"end":{"line":405,"column":22}},"locations":[{"start":{"line":405,"column":-1},"end":{"line":405,"column":22}}]},"45":{"type":"branch","line":408,"loc":{"start":{"line":408,"column":4},"end":{"line":414,"column":5}},"locations":[{"start":{"line":408,"column":4},"end":{"line":414,"column":5}}]},"46":{"type":"branch","line":411,"loc":{"start":{"line":411,"column":-1},"end":{"line":411,"column":6}},"locations":[{"start":{"line":411,"column":-1},"end":{"line":411,"column":6}}]},"47":{"type":"branch","line":412,"loc":{"start":{"line":412,"column":-1},"end":{"line":412,"column":28}},"locations":[{"start":{"line":412,"column":-1},"end":{"line":412,"column":28}}]},"48":{"type":"branch","line":415,"loc":{"start":{"line":415,"column":4},"end":{"line":417,"column":5}},"locations":[{"start":{"line":415,"column":4},"end":{"line":417,"column":5}}]},"49":{"type":"branch","line":418,"loc":{"start":{"line":418,"column":4},"end":{"line":465,"column":5}},"locations":[{"start":{"line":418,"column":4},"end":{"line":465,"column":5}}]},"50":{"type":"branch","line":420,"loc":{"start":{"line":420,"column":41},"end":{"line":421,"column":34}},"locations":[{"start":{"line":420,"column":41},"end":{"line":421,"column":34}}]},"51":{"type":"branch","line":422,"loc":{"start":{"line":422,"column":-1},"end":{"line":423,"column":42}},"locations":[{"start":{"line":422,"column":-1},"end":{"line":423,"column":42}}]},"52":{"type":"branch","line":423,"loc":{"start":{"line":423,"column":-1},"end":{"line":423,"column":42}},"locations":[{"start":{"line":423,"column":-1},"end":{"line":423,"column":42}}]},"53":{"type":"branch","line":426,"loc":{"start":{"line":426,"column":-1},"end":{"line":426,"column":38}},"locations":[{"start":{"line":426,"column":-1},"end":{"line":426,"column":38}}]},"54":{"type":"branch","line":427,"loc":{"start":{"line":427,"column":-1},"end":{"line":427,"column":39}},"locations":[{"start":{"line":427,"column":-1},"end":{"line":427,"column":39}}]},"55":{"type":"branch","line":427,"loc":{"start":{"line":427,"column":41},"end":{"line":428,"column":46}},"locations":[{"start":{"line":427,"column":41},"end":{"line":428,"column":46}}]},"56":{"type":"branch","line":430,"loc":{"start":{"line":430,"column":42},"end":{"line":431,"column":42}},"locations":[{"start":{"line":430,"column":42},"end":{"line":431,"column":42}}]},"57":{"type":"branch","line":432,"loc":{"start":{"line":432,"column":-1},"end":{"line":432,"column":27}},"locations":[{"start":{"line":432,"column":-1},"end":{"line":432,"column":27}}]},"58":{"type":"branch","line":432,"loc":{"start":{"line":432,"column":29},"end":{"line":433,"column":39}},"locations":[{"start":{"line":432,"column":29},"end":{"line":433,"column":39}}]},"59":{"type":"branch","line":435,"loc":{"start":{"line":435,"column":-1},"end":{"line":435,"column":40}},"locations":[{"start":{"line":435,"column":-1},"end":{"line":435,"column":40}}]},"60":{"type":"branch","line":435,"loc":{"start":{"line":435,"column":42},"end":{"line":436,"column":41}},"locations":[{"start":{"line":435,"column":42},"end":{"line":436,"column":41}}]},"61":{"type":"branch","line":439,"loc":{"start":{"line":439,"column":-1},"end":{"line":439,"column":43}},"locations":[{"start":{"line":439,"column":-1},"end":{"line":439,"column":43}}]},"62":{"type":"branch","line":440,"loc":{"start":{"line":440,"column":-1},"end":{"line":440,"column":41}},"locations":[{"start":{"line":440,"column":-1},"end":{"line":440,"column":41}}]},"63":{"type":"branch","line":440,"loc":{"start":{"line":440,"column":43},"end":{"line":441,"column":39}},"locations":[{"start":{"line":440,"column":43},"end":{"line":441,"column":39}}]},"64":{"type":"branch","line":441,"loc":{"start":{"line":441,"column":41},"end":{"line":445,"column":46}},"locations":[{"start":{"line":441,"column":41},"end":{"line":445,"column":46}}]},"65":{"type":"branch","line":442,"loc":{"start":{"line":442,"column":41},"end":{"line":443,"column":31}},"locations":[{"start":{"line":442,"column":41},"end":{"line":443,"column":31}}]},"66":{"type":"branch","line":444,"loc":{"start":{"line":444,"column":-1},"end":{"line":444,"column":39}},"locations":[{"start":{"line":444,"column":-1},"end":{"line":444,"column":39}}]},"67":{"type":"branch","line":444,"loc":{"start":{"line":444,"column":41},"end":{"line":445,"column":41}},"locations":[{"start":{"line":444,"column":41},"end":{"line":445,"column":41}}]},"68":{"type":"branch","line":448,"loc":{"start":{"line":448,"column":-1},"end":{"line":448,"column":41}},"locations":[{"start":{"line":448,"column":-1},"end":{"line":448,"column":41}}]},"69":{"type":"branch","line":449,"loc":{"start":{"line":449,"column":-1},"end":{"line":449,"column":31}},"locations":[{"start":{"line":449,"column":-1},"end":{"line":449,"column":31}}]},"70":{"type":"branch","line":450,"loc":{"start":{"line":450,"column":-1},"end":{"line":450,"column":26}},"locations":[{"start":{"line":450,"column":-1},"end":{"line":450,"column":26}}]},"71":{"type":"branch","line":450,"loc":{"start":{"line":450,"column":28},"end":{"line":451,"column":44}},"locations":[{"start":{"line":450,"column":28},"end":{"line":451,"column":44}}]},"72":{"type":"branch","line":453,"loc":{"start":{"line":453,"column":39},"end":{"line":454,"column":14}},"locations":[{"start":{"line":453,"column":39},"end":{"line":454,"column":14}}]},"73":{"type":"branch","line":455,"loc":{"start":{"line":455,"column":-1},"end":{"line":455,"column":29}},"locations":[{"start":{"line":455,"column":-1},"end":{"line":455,"column":29}}]},"74":{"type":"branch","line":456,"loc":{"start":{"line":456,"column":-1},"end":{"line":456,"column":31}},"locations":[{"start":{"line":456,"column":-1},"end":{"line":456,"column":31}}]},"75":{"type":"branch","line":458,"loc":{"start":{"line":458,"column":27},"end":{"line":459,"column":27}},"locations":[{"start":{"line":458,"column":27},"end":{"line":459,"column":27}}]},"76":{"type":"branch","line":459,"loc":{"start":{"line":459,"column":29},"end":{"line":460,"column":24}},"locations":[{"start":{"line":459,"column":29},"end":{"line":460,"column":24}}]},"77":{"type":"branch","line":461,"loc":{"start":{"line":461,"column":-1},"end":{"line":461,"column":7}},"locations":[{"start":{"line":461,"column":-1},"end":{"line":461,"column":7}}]},"78":{"type":"branch","line":462,"loc":{"start":{"line":462,"column":-1},"end":{"line":462,"column":6}},"locations":[{"start":{"line":462,"column":-1},"end":{"line":462,"column":6}}]},"79":{"type":"branch","line":463,"loc":{"start":{"line":463,"column":-1},"end":{"line":463,"column":18}},"locations":[{"start":{"line":463,"column":-1},"end":{"line":463,"column":18}}]},"80":{"type":"branch","line":466,"loc":{"start":{"line":466,"column":4},"end":{"line":477,"column":5}},"locations":[{"start":{"line":466,"column":4},"end":{"line":477,"column":5}}]},"81":{"type":"branch","line":468,"loc":{"start":{"line":468,"column":-1},"end":{"line":470,"column":36}},"locations":[{"start":{"line":468,"column":-1},"end":{"line":470,"column":36}}]},"82":{"type":"branch","line":471,"loc":{"start":{"line":471,"column":-1},"end":{"line":472,"column":7}},"locations":[{"start":{"line":471,"column":-1},"end":{"line":472,"column":7}}]},"83":{"type":"branch","line":472,"loc":{"start":{"line":472,"column":6},"end":{"line":473,"column":35}},"locations":[{"start":{"line":472,"column":6},"end":{"line":473,"column":35}}]},"84":{"type":"branch","line":473,"loc":{"start":{"line":473,"column":35},"end":{"line":477,"column":5}},"locations":[{"start":{"line":473,"column":35},"end":{"line":477,"column":5}}]},"85":{"type":"branch","line":478,"loc":{"start":{"line":478,"column":4},"end":{"line":483,"column":5}},"locations":[{"start":{"line":478,"column":4},"end":{"line":483,"column":5}}]},"86":{"type":"branch","line":479,"loc":{"start":{"line":479,"column":21},"end":{"line":481,"column":15}},"locations":[{"start":{"line":479,"column":21},"end":{"line":481,"column":15}}]},"87":{"type":"branch","line":482,"loc":{"start":{"line":482,"column":8},"end":{"line":482,"column":43}},"locations":[{"start":{"line":482,"column":8},"end":{"line":482,"column":43}}]},"88":{"type":"branch","line":484,"loc":{"start":{"line":484,"column":4},"end":{"line":488,"column":5}},"locations":[{"start":{"line":484,"column":4},"end":{"line":488,"column":5}}]},"89":{"type":"branch","line":489,"loc":{"start":{"line":489,"column":4},"end":{"line":502,"column":5}},"locations":[{"start":{"line":489,"column":4},"end":{"line":502,"column":5}}]},"90":{"type":"branch","line":500,"loc":{"start":{"line":500,"column":-1},"end":{"line":501,"column":84}},"locations":[{"start":{"line":500,"column":-1},"end":{"line":501,"column":84}}]},"91":{"type":"branch","line":503,"loc":{"start":{"line":503,"column":4},"end":{"line":515,"column":5}},"locations":[{"start":{"line":503,"column":4},"end":{"line":515,"column":5}}]},"92":{"type":"branch","line":516,"loc":{"start":{"line":516,"column":4},"end":{"line":520,"column":5}},"locations":[{"start":{"line":516,"column":4},"end":{"line":520,"column":5}}]},"93":{"type":"branch","line":521,"loc":{"start":{"line":521,"column":4},"end":{"line":534,"column":5}},"locations":[{"start":{"line":521,"column":4},"end":{"line":534,"column":5}}]},"94":{"type":"branch","line":524,"loc":{"start":{"line":524,"column":-1},"end":{"line":527,"column":89}},"locations":[{"start":{"line":524,"column":-1},"end":{"line":527,"column":89}}]},"95":{"type":"branch","line":527,"loc":{"start":{"line":527,"column":6},"end":{"line":534,"column":5}},"locations":[{"start":{"line":527,"column":6},"end":{"line":534,"column":5}}]},"96":{"type":"branch","line":12,"loc":{"start":{"line":12,"column":14},"end":{"line":12,"column":27}},"locations":[{"start":{"line":12,"column":14},"end":{"line":12,"column":27}}]},"97":{"type":"branch","line":13,"loc":{"start":{"line":13,"column":24},"end":{"line":13,"column":35}},"locations":[{"start":{"line":13,"column":24},"end":{"line":13,"column":35}}]},"98":{"type":"branch","line":14,"loc":{"start":{"line":14,"column":22},"end":{"line":14,"column":30}},"locations":[{"start":{"line":14,"column":22},"end":{"line":14,"column":30}}]},"99":{"type":"branch","line":68,"loc":{"start":{"line":68,"column":28},"end":{"line":68,"column":39}},"locations":[{"start":{"line":68,"column":28},"end":{"line":68,"column":39}}]},"100":{"type":"branch","line":126,"loc":{"start":{"line":126,"column":26},"end":{"line":126,"column":38}},"locations":[{"start":{"line":126,"column":26},"end":{"line":126,"column":38}}]},"101":{"type":"branch","line":128,"loc":{"start":{"line":128,"column":27},"end":{"line":128,"column":39}},"locations":[{"start":{"line":128,"column":27},"end":{"line":128,"column":39}}]}},"b":{"0":[56],"1":[3],"2":[0],"3":[93],"4":[12],"5":[9],"6":[4],"7":[2],"8":[2],"9":[4],"10":[3],"11":[1],"12":[3],"13":[56],"14":[176],"15":[1],"16":[175],"17":[0],"18":[175],"19":[1],"20":[1],"21":[1],"22":[6],"23":[1],"24":[0],"25":[75],"26":[72],"27":[1],"28":[71],"29":[1],"30":[2],"31":[2],"32":[1],"33":[6],"34":[4],"35":[3],"36":[5],"37":[4],"38":[3],"39":[4],"40":[2],"41":[1],"42":[211],"43":[1],"44":[1],"45":[141],"46":[1],"47":[1],"48":[73],"49":[78],"50":[7],"51":[7],"52":[5],"53":[1],"54":[1],"55":[1],"56":[7],"57":[1],"58":[1],"59":[8],"60":[5],"61":[5],"62":[3],"63":[2],"64":[77],"65":[4],"66":[2],"67":[2],"68":[7],"69":[3],"70":[2],"71":[2],"72":[8],"73":[3],"74":[2],"75":[76],"76":[75],"77":[75],"78":[75],"79":[73],"80":[6],"81":[3],"82":[1],"83":[2],"84":[1],"85":[2],"86":[1],"87":[0],"88":[1],"89":[2],"90":[1],"91":[2],"92":[1],"93":[8],"94":[6],"95":[2],"96":[56],"97":[56],"98":[56],"99":[0],"100":[2],"101":[2]},"fnMap":{"0":{"name":"data","decl":{"start":{"line":217,"column":2},"end":{"line":244,"column":3}},"loc":{"start":{"line":217,"column":2},"end":{"line":244,"column":3}},"line":217},"1":{"name":"calendarView","decl":{"start":{"line":246,"column":4},"end":{"line":285,"column":5}},"loc":{"start":{"line":246,"column":4},"end":{"line":285,"column":5}},"line":246},"2":{"name":"defaultPlaceholder","decl":{"start":{"line":286,"column":4},"end":{"line":288,"column":5}},"loc":{"start":{"line":286,"column":4},"end":{"line":288,"column":5}},"line":286},"3":{"name":"noNextYear","decl":{"start":{"line":289,"column":4},"end":{"line":291,"column":5}},"loc":{"start":{"line":289,"column":4},"end":{"line":291,"column":5}},"line":289},"4":{"name":"selectedMonthName","decl":{"start":{"line":292,"column":4},"end":{"line":296,"column":5}},"loc":{"start":{"line":292,"column":4},"end":{"line":296,"column":5}},"line":292},"5":{"name":"open","decl":{"start":{"line":299,"column":4},"end":{"line":302,"column":5}},"loc":{"start":{"line":299,"column":4},"end":{"line":302,"column":5}},"line":299},"6":{"name":"modelValue","decl":{"start":{"line":304,"column":-1},"end":{"line":305,"column":5}},"loc":{"start":{"line":304,"column":-1},"end":{"line":305,"column":5}},"line":304},"7":{"name":"mounted","decl":{"start":{"line":307,"column":2},"end":{"line":313,"column":3}},"loc":{"start":{"line":307,"column":2},"end":{"line":313,"column":3}},"line":307},"8":{"name":"localDate","decl":{"start":{"line":315,"column":4},"end":{"line":323,"column":5}},"loc":{"start":{"line":315,"column":4},"end":{"line":323,"column":5}},"line":315},"9":{"name":"handleStart","decl":{"start":{"line":324,"column":4},"end":{"line":328,"column":5}},"loc":{"start":{"line":324,"column":4},"end":{"line":328,"column":5}},"line":324},"10":{"name":"handleEnd","decl":{"start":{"line":329,"column":4},"end":{"line":331,"column":5}},"loc":{"start":{"line":329,"column":4},"end":{"line":331,"column":5}},"line":329},"11":{"name":"handleLeave","decl":{"start":{"line":332,"column":4},"end":{"line":334,"column":5}},"loc":{"start":{"line":332,"column":4},"end":{"line":334,"column":5}},"line":332},"12":{"name":"handle","decl":{"start":{"line":335,"column":4},"end":{"line":352,"column":5}},"loc":{"start":{"line":335,"column":4},"end":{"line":352,"column":5}},"line":335},"13":{"name":"getTodays","decl":{"start":{"line":353,"column":4},"end":{"line":364,"column":5}},"loc":{"start":{"line":353,"column":4},"end":{"line":364,"column":5}},"line":353},"14":{"name":"changeYear","decl":{"start":{"line":365,"column":4},"end":{"line":367,"column":5}},"loc":{"start":{"line":365,"column":4},"end":{"line":367,"column":5}},"line":365},"15":{"name":"selectMonth","decl":{"start":{"line":368,"column":4},"end":{"line":371,"column":5}},"loc":{"start":{"line":368,"column":4},"end":{"line":371,"column":5}},"line":368},"16":{"name":"selectDay","decl":{"start":{"line":372,"column":4},"end":{"line":400,"column":5}},"loc":{"start":{"line":372,"column":4},"end":{"line":400,"column":5}},"line":372},"17":{"name":"selectedStart","decl":{"start":{"line":401,"column":4},"end":{"line":407,"column":5}},"loc":{"start":{"line":401,"column":4},"end":{"line":407,"column":5}},"line":401},"18":{"name":"selectedEnd","decl":{"start":{"line":408,"column":4},"end":{"line":414,"column":5}},"loc":{"start":{"line":408,"column":4},"end":{"line":414,"column":5}},"line":408},"19":{"name":"selectedHighlight","decl":{"start":{"line":415,"column":4},"end":{"line":417,"column":5}},"loc":{"start":{"line":415,"column":4},"end":{"line":417,"column":5}},"line":415},"20":{"name":"intervalHighlight","decl":{"start":{"line":418,"column":4},"end":{"line":465,"column":5}},"loc":{"start":{"line":418,"column":4},"end":{"line":465,"column":5}},"line":418},"21":{"name":"parseValue","decl":{"start":{"line":466,"column":4},"end":{"line":477,"column":5}},"loc":{"start":{"line":466,"column":4},"end":{"line":477,"column":5}},"line":466},"22":{"name":"toggleOpen","decl":{"start":{"line":478,"column":4},"end":{"line":483,"column":5}},"loc":{"start":{"line":478,"column":4},"end":{"line":483,"column":5}},"line":478},"23":{"name":"onApply","decl":{"start":{"line":484,"column":4},"end":{"line":488,"column":5}},"loc":{"start":{"line":484,"column":4},"end":{"line":488,"column":5}},"line":484},"24":{"name":"clearField","decl":{"start":{"line":489,"column":4},"end":{"line":502,"column":5}},"loc":{"start":{"line":489,"column":4},"end":{"line":502,"column":5}},"line":489},"25":{"name":"onClose","decl":{"start":{"line":503,"column":4},"end":{"line":515,"column":5}},"loc":{"start":{"line":503,"column":4},"end":{"line":515,"column":5}},"line":503},"26":{"name":"unixToDate","decl":{"start":{"line":516,"column":4},"end":{"line":520,"column":5}},"loc":{"start":{"line":516,"column":4},"end":{"line":520,"column":5}},"line":516},"27":{"name":"dateToUnix","decl":{"start":{"line":521,"column":4},"end":{"line":534,"column":5}},"loc":{"start":{"line":521,"column":4},"end":{"line":534,"column":5}},"line":521},"28":{"name":"onClick._cache.<computed>._cache.<computed>","decl":{"start":{"line":12,"column":14},"end":{"line":12,"column":27}},"loc":{"start":{"line":12,"column":14},"end":{"line":12,"column":27}},"line":12},"29":{"name":"onUpdate:open._cache.<computed>._cache.<computed>","decl":{"start":{"line":33,"column":33},"end":{"line":33,"column":44}},"loc":{"start":{"line":33,"column":33},"end":{"line":33,"column":44}},"line":33},"30":{"name":"onClick._cache.<computed>._cache.<computed>","decl":{"start":{"line":43,"column":18},"end":{"line":43,"column":35}},"loc":{"start":{"line":43,"column":18},"end":{"line":43,"column":35}},"line":43},"31":{"name":"onClick._cache.<computed>._cache.<computed>","decl":{"start":{"line":55,"column":18},"end":{"line":55,"column":34}},"loc":{"start":{"line":55,"column":18},"end":{"line":55,"column":34}},"line":55},"32":{"name":"onClick._cache.<computed>._cache.<computed>","decl":{"start":{"line":58,"column":61},"end":{"line":58,"column":95}},"loc":{"start":{"line":58,"column":61},"end":{"line":58,"column":95}},"line":58},"33":{"name":"onMouseleave._cache.<computed>._cache.<computed>","decl":{"start":{"line":92,"column":36},"end":{"line":92,"column":52}},"loc":{"start":{"line":92,"column":36},"end":{"line":92,"column":52}},"line":92},"34":{"name":"onMouseup._cache.<computed>._cache.<computed>","decl":{"start":{"line":92,"column":59},"end":{"line":92,"column":72}},"loc":{"start":{"line":92,"column":59},"end":{"line":92,"column":72}},"line":92},"35":{"name":"onMousedown","decl":{"start":{"line":124,"column":28},"end":{"line":124,"column":55}},"loc":{"start":{"line":124,"column":28},"end":{"line":124,"column":55}},"line":124},"36":{"name":"onMouseenter","decl":{"start":{"line":125,"column":29},"end":{"line":125,"column":43}},"loc":{"start":{"line":125,"column":29},"end":{"line":125,"column":43}},"line":125},"37":{"name":"onMouseup._cache.<computed>._cache.<computed>","decl":{"start":{"line":126,"column":26},"end":{"line":126,"column":38}},"loc":{"start":{"line":126,"column":26},"end":{"line":126,"column":38}},"line":126},"38":{"name":"onTouchstart","decl":{"start":{"line":127,"column":29},"end":{"line":127,"column":56}},"loc":{"start":{"line":127,"column":29},"end":{"line":127,"column":56}},"line":127},"39":{"name":"onTouchend._cache.<computed>._cache.<computed>","decl":{"start":{"line":128,"column":27},"end":{"line":128,"column":39}},"loc":{"start":{"line":128,"column":27},"end":{"line":128,"column":39}},"line":128}},"f":{"0":56,"1":3,"2":4,"3":2,"4":2,"5":4,"6":3,"7":56,"8":176,"9":1,"10":1,"11":1,"12":6,"13":75,"14":2,"15":1,"16":6,"17":211,"18":141,"19":73,"20":78,"21":6,"22":2,"23":1,"24":2,"25":2,"26":1,"27":8,"28":0,"29":0,"30":0,"31":0,"32":0,"33":0,"34":0,"35":0,"36":0,"37":0,"38":0,"39":0}}
,"/home/net-aliuskeviciusma/Downloads/vue-date-pick/src/components/icons/IconArrow.vue": {"path":"/home/net-aliuskeviciusma/Downloads/vue-date-pick/src/components/icons/IconArrow.vue","all":false,"statementMap":{"1":{"start":{"line":2,"column":0},"end":{"line":2,"column":97}},"2":{"start":{"line":3,"column":0},"end":{"line":3,"column":9}},"3":{"start":{"line":4,"column":0},"end":{"line":4,"column":25}},"4":{"start":{"line":5,"column":0},"end":{"line":5,"column":25}},"5":{"start":{"line":6,"column":0},"end":{"line":6,"column":326}},"6":{"start":{"line":7,"column":0},"end":{"line":7,"column":20}},"7":{"start":{"line":8,"column":0},"end":{"line":8,"column":6}},"8":{"start":{"line":9,"column":0},"end":{"line":9,"column":8}}},"s":{"1":1,"2":1,"3":1,"4":1,"5":1,"6":1,"7":1,"8":1},"branchMap":{},"b":{},"fnMap":{},"f":{}}
,"/home/net-aliuskeviciusma/Downloads/vue-date-pick/src/components/icons/IconCalendar.vue": {"path":"/home/net-aliuskeviciusma/Downloads/vue-date-pick/src/components/icons/IconCalendar.vue","all":false,"statementMap":{"1":{"start":{"line":2,"column":0},"end":{"line":2,"column":6}},"2":{"start":{"line":3,"column":0},"end":{"line":3,"column":18}},"3":{"start":{"line":4,"column":0},"end":{"line":4,"column":38}},"4":{"start":{"line":5,"column":0},"end":{"line":5,"column":14}},"5":{"start":{"line":6,"column":0},"end":{"line":6,"column":15}},"6":{"start":{"line":7,"column":0},"end":{"line":7,"column":25}},"59":{"start":{"line":60,"column":0},"end":{"line":60,"column":8}}},"s":{"1":1,"2":1,"3":1,"4":1,"5":1,"6":1,"59":1},"branchMap":{},"b":{},"fnMap":{},"f":{}}
}
